build/app/outputs/mapping/release/seeds.txt
waynelu.flutterocr.MainActivity
waynelu.flutterocr.MainActivity: MainActivity()
...
io.flutter.embedding.engine.mutatorsstack.FlutterMutatorView: android.graphics.Matrix getPlatformViewMatrix()
io.flutter.plugin.editing.ImeSyncDeferringInsetsCallback: void install()
io.flutter.view.FlutterView: io.flutter.app.FlutterPluginRegistry getPluginRegistry()
com.google.android.exoplayer2.drm.DrmInitData: android.os.Parcelable$Creator CREATOR
androidx.activity.ImmLeaksCleaner
androidx.versionedparcelable.ParcelImpl
io.flutter.plugin.editing.ImeSyncDeferringInsetsCallback: int overlayInsetTypes
io.flutter.view.AccessibilityBridge$Action: io.flutter.view.AccessibilityBridge$Action[] values()
io.flutter.embedding.engine.FlutterJNI: void setAccessibilityDelegate(io.flutter.embedding.engine.FlutterJNI$AccessibilityDelegate)
io.flutter.plugins.imagepicker.CameraDevice: io.flutter.plugins.imagepicker.CameraDevice valueOf(java.lang.String)
io.flutter.plugin.platform.SingleViewPresentation: int viewId
io.flutter.embedding.engine.FlutterJNI: void nativeSurfaceDestroyed(long)
io.flutter.embedding.engine.FlutterJNI: java.lang.String getObservatoryUri()
androidx.core.content.FileProvider: FileProvider()
io.flutter.embedding.engine.FlutterJNI: boolean nativeFlutterTextUtilsIsEmojiModifierBase(int)
io.flutter.embedding.engine.FlutterJNI: void destroyOverlaySurfaces()
androidx.annotation.Keep
io.flutter.embedding.engine.mutatorsstack.FlutterMutatorsStack: android.graphics.Matrix getFinalMatrix()
android.support.v4.app.RemoteActionCompatParcelizer: void write(androidx.core.app.RemoteActionCompat,androidx.versionedparcelable.VersionedParcel)
io.flutter.embedding.engine.FlutterJNI: void nativeOnVsync(long,long,long)
android.support.v4.graphics.drawable.IconCompatParcelizer: androidx.core.graphics.drawable.IconCompat read(androidx.versionedparcelable.VersionedParcel)
androidx.versionedparcelable.ParcelImpl: android.os.Parcelable$Creator CREATOR
io.flutter.embedding.engine.systemchannels.PlatformChannel$Brightness: io.flutter.embedding.engine.systemchannels.PlatformChannel$Brightness valueOf(java.lang.String)
io.flutter.embedding.android.FlutterImageView: android.view.Surface getSurface()
io.flutter.embedding.android.FlutterView$ZeroSides: io.flutter.embedding.android.FlutterView$ZeroSides[] values()
com.google.android.exoplayer2.metadata.scte35.PrivateCommand: android.os.Parcelable$Creator CREATOR
com.google.common.util.concurrent.AbstractFuture: com.google.common.util.concurrent.AbstractFuture$Waiter waiters
io.flutter.embedding.engine.plugins.lifecycle.HiddenLifecycleReference: HiddenLifecycleReference(androidx.lifecycle.Lifecycle)
io.flutter.plugin.editing.ImeSyncDeferringInsetsCallback: android.view.WindowInsets onProgress(android.view.WindowInsets,java.util.List)
io.flutter.view.FlutterView
io.flutter.view.FlutterView: void setInitialRoute(java.lang.String)
com.google.android.exoplayer2.source.TrackGroupArray: android.os.Parcelable$Creator CREATOR
io.flutter.plugin.editing.TextInputPlugin$InputTarget$Type: io.flutter.plugin.editing.TextInputPlugin$InputTarget$Type[] values()
io.flutter.view.AccessibilityBridge$AccessibilityFeature: io.flutter.view.AccessibilityBridge$AccessibilityFeature[] values()
io.flutter.view.FlutterCallbackInformation
io.flutter.view.AccessibilityBridge$TextDirection: io.flutter.view.AccessibilityBridge$TextDirection[] values()
io.flutter.embedding.engine.FlutterJNI: void nativePrefetchDefaultFontManager()
io.flutter.plugin.platform.SingleViewPresentation: SingleViewPresentation(android.content.Context,android.view.Display,io.flutter.plugin.platform.AccessibilityEventsDelegate,io.flutter.plugin.platform.SingleViewPresentation$PresentationState,android.view.View$OnFocusChangeListener,boolean)
io.flutter.plugin.editing.ImeSyncDeferringInsetsCallback: android.view.WindowInsets lastWindowInsets