build/app/outputs/mapping/release/mapping.txt
# compiler: R8
# compiler_version: 2.1.86
# min_api: 21
# pg_map_id: bffce17
# common_typos_disable
...
com.google.android.exoplayer2.util.ParsableBitArray -> b.a.a.a.p0.l:
    byte[] data -> a
    int byteLimit -> d
    int byteOffset -> b
    int bitOffset -> c
    void assertValidOffset() -> a
    int bitsLeft() -> b
    void byteAlign() -> c
    int getBytePosition() -> d
    int getPosition() -> e
    void putInt(int,int) -> f
    boolean readBit() -> g
    int readBits(int) -> h
    void readBits(byte[],int,int) -> i
    void readBytes(byte[],int,int) -> j
    void reset(byte[]) -> k
    void reset(byte[],int) -> l
    void setPosition(int) -> m
    void skipBit() -> n
    void skipBits(int) -> o
    void skipBytes(int) -> p
com.google.android.exoplayer2.util.ParsableByteArray -> b.a.a.a.p0.m:
    byte[] data -> a
    int position -> b
    int limit -> c
    int readUnsignedInt24() -> A
    int readUnsignedIntToInt() -> B
    long readUnsignedLongToLong() -> C
    int readUnsignedShort() -> D
    long readUtf8EncodedLong() -> E
    void reset() -> F
    void reset(int) -> G
    void reset(byte[],int) -> H
    void setLimit(int) -> I
    void setPosition(int) -> J
    void skipBytes(int) -> K
    int bytesLeft() -> a
    int capacity() -> b
    int getPosition() -> c
    int limit() -> d
    char peekChar() -> e
    void readBytes(com.google.android.exoplayer2.util.ParsableBitArray,int) -> f
    void readBytes(byte[],int,int) -> g
    double readDouble() -> h
    int readInt() -> i
    int readInt24() -> j
    java.lang.String readLine() -> k
    int readLittleEndianInt() -> l
    long readLittleEndianLong() -> m
    long readLittleEndianUnsignedInt() -> n
    int readLittleEndianUnsignedIntToInt() -> o
    int readLittleEndianUnsignedShort() -> p
    long readLong() -> q
    java.lang.String readNullTerminatedString() -> r
    java.lang.String readNullTerminatedString(int) -> s
    short readShort() -> t
    java.lang.String readString(int) -> u
    java.lang.String readString(int,java.nio.charset.Charset) -> v
    int readSynchSafeInt() -> w
    int readUnsignedByte() -> x
    int readUnsignedFixedPoint1616() -> y
    long readUnsignedInt() -> z
com.google.android.exoplayer2.util.ParsableNalUnitBitArray -> b.a.a.a.p0.n:
    byte[] data -> a
    int bitOffset -> d
    int byteLimit -> b
    int byteOffset -> c
    void assertValidOffset() -> a
    boolean canReadBits(int) -> b
    boolean canReadExpGolombCodedNum() -> c
    boolean readBit() -> d
    int readBits(int) -> e
    int readExpGolombCodeNum() -> f
    int readSignedExpGolombCodedInt() -> g
    int readUnsignedExpGolombCodedInt() -> h
    void reset(byte[],int,int) -> i
    boolean shouldSkipByte(int) -> j
    void skipBit() -> k
    void skipBits(int) -> l
com.google.android.exoplayer2.util.Predicate -> b.a.a.a.p0.o:
    boolean evaluate(java.lang.Object) -> a
com.google.android.exoplayer2.util.PriorityTaskManager -> b.a.a.a.p0.p:
    void add(int) -> a
    void remove(int) -> b
com.google.android.exoplayer2.util.StandaloneMediaClock -> b.a.a.a.p0.q:
    com.google.android.exoplayer2.util.Clock clock -> a
    long baseElapsedMs -> d
    long baseUs -> c
    boolean started -> b
    com.google.android.exoplayer2.PlaybackParameters playbackParameters -> e
    void resetPosition(long) -> a
    void start() -> b
    void stop() -> c
    com.google.android.exoplayer2.PlaybackParameters setPlaybackParameters(com.google.android.exoplayer2.PlaybackParameters) -> e
    com.google.android.exoplayer2.PlaybackParameters getPlaybackParameters() -> h
    long getPositionUs() -> x
com.google.android.exoplayer2.util.SystemClock -> b.a.a.a.p0.r:
    long uptimeMillis() -> a
    long elapsedRealtime() -> b
    com.google.android.exoplayer2.util.HandlerWrapper createHandler(android.os.Looper,android.os.Handler$Callback) -> c