build/app/outputs/mapping/release/usage.txt
waynelu.flutterocr.R$color
waynelu.flutterocr.R$layout
waynelu.flutterocr.R
waynelu.flutterocr.R$dimen
waynelu.flutterocr.R$id
waynelu.flutterocr.R$integer
waynelu.flutterocr.R$string
waynelu.flutterocr.R$attr
waynelu.flutterocr.R$mipmap
waynelu.flutterocr.R$style
waynelu.flutterocr.R$styleable
waynelu.flutterocr.R$xml
waynelu.flutterocr.BuildConfig
waynelu.flutterocr.R$drawable
...
io.flutter.embedding.engine.plugins.service.ServicePluginBinding
androidx.fragment.R$string
com.google.common.base.FinalizablePhantomReference
com.google.android.exoplayer2.drm.DefaultDrmSessionEventListener$EventDispatcher$3
com.google.common.hash.Funnels$StringCharsetFunnel$SerializedForm
com.google.common.cache.LocalCache$WriteQueue$1
com.google.common.primitives.Floats$FloatArrayAsList
com.google.common.util.concurrent.CollectionFuture$ListFuture
com.google.common.io.ByteStreams$LimitedInputStream
org.checkerframework.checker.regex.qual.PartialRegex
com.google.common.html.package-info
com.google.android.exoplayer2.extractor.ogg.OpusReader:
    private static final int DEFAULT_SEEK_PRE_ROLL_SAMPLES
    private static final int SAMPLE_RATE
androidx.annotation.UiThread
kotlin.text.MatcherMatchResult$groups$1$iterator$1
org.checkerframework.checker.index.qual.UpperBoundBottom
com.google.common.collect.ImmutableMap$1
com.google.common.util.concurrent.MoreExecutors$4
kotlin.collections.IntIterator
com.google.common.reflect.MutableTypeToInstanceMap$UnmodifiableEntry
org.checkerframework.dataflow.qual.Pure
com.google.android.exoplayer2.audio.DtsUtil:
    private void <init>()
    private static final int SYNC_VALUE_BE
    private static final int SYNC_VALUE_14B_BE
    private static final int SYNC_VALUE_LE
    private static final int SYNC_VALUE_14B_LE
    private static final byte FIRST_BYTE_BE
    private static final byte FIRST_BYTE_14B_BE
    private static final byte FIRST_BYTE_LE
    private static final byte FIRST_BYTE_14B_LE
com.google.common.collect.FilteredEntryMultimap$AsMap$1ValuesImpl
kotlin.comparisons.ReverseOrderComparator
kotlin.jvm.internal.markers.KMutableSet
kotlin.jvm.internal.IntSpreadBuilder
com.google.common.eventbus.Dispatcher
com.google.common.primitives.SignedBytes
com.google.common.base.Functions$ForMapWithDefault
com.google.common.cache.LocalCache$LoadingValueReference
com.google.common.collect.AbstractMapBasedMultimap$WrappedCollection$WrappedIterator
com.google.common.collect.Maps$DescendingMap
androidx.core.content.res.FontResourcesParserCompat$FamilyResourceEntry
com.google.common.base.Splitter$1$1
com.google.common.collect.FluentIterable$1
com.google.common.collect.FilteredEntryMultimap$AsMap$1KeySetImpl
androidx.core.widget.ListViewAutoScrollHelper
com.google.common.util.concurrent.Partially$GwtIncompatible
com.google.android.exoplayer2.audio.AudioCapabilitiesReceiver$1
androidx.viewpager.widget.ViewPager$OnAdapterChangeListener
com.google.common.hash.LongAdder
com.google.common.math.LongMath$MillerRabinTester$2
com.google.common.collect.MapMakerInternalMap$StrongValueEntry
kotlin.collections.ArraysKt___ArraysKt$withIndex$3
androidx.arch.core.executor.ArchTaskExecutor
androidx.activity.ComponentActivity$NonConfigurationInstances
io.flutter.embedding.android.FlutterActivityLaunchConfigs$BackgroundMode
com.google.android.exoplayer2.source.SingleSampleMediaSource
androidx.annotation.InspectableProperty
com.google.common.util.concurrent.TimeoutFuture$Fire
com.google.android.exoplayer2.extractor.rawcc.RawCcExtractor:
    private static final int SCRATCH_SIZE
    private static final int HEADER_SIZE
    private static final int TIMESTAMP_SIZE_V0
    private static final int TIMESTAMP_SIZE_V1
    private static final int STATE_READING_HEADER
    private static final int STATE_READING_TIMESTAMP_AND_COUNT
    private static final int STATE_READING_SAMPLES
io.flutter.plugins.camera.R$attr
kotlin.io.OnErrorAction
com.google.common.graph.Traverser$TreeTraverser$DepthFirstPreOrderIterator
io.flutter.plugins.imagepicker.R$attr
com.google.android.exoplayer2.source.SingleSampleMediaPeriod$SampleStreamImpl
org.checkerframework.common.value.qual.StaticallyExecutable
com.google.common.util.concurrent.Futures$3
com.google.android.exoplayer2.offline.DownloadService$DownloadManagerListener
com.google.common.base.CharMatcher$AnyOf
com.google.common.collect.SortedMapDifference